  main.cpp
c:\users\dr. thrax\source\repos\project2\project2\main.cpp(63): warning C4244: 'argument': conversion from 'double' to 'float', possible loss of data
c:\users\dr. thrax\source\repos\project2\project2\main.cpp(81): warning C4244: '=': conversion from 'float' to 'T', possible loss of data
          with
          [
              T=int
          ]
c:\users\dr. thrax\source\repos\project2\project2\main.cpp(82): warning C4244: '=': conversion from 'float' to 'T', possible loss of data
          with
          [
              T=int
          ]
c:\users\dr. thrax\source\repos\project2\project2\main.cpp(86): warning C4244: '=': conversion from 'float' to 'T', possible loss of data
          with
          [
              T=int
          ]
c:\users\dr. thrax\source\repos\project2\project2\main.cpp(87): warning C4244: '=': conversion from 'float' to 'T', possible loss of data
          with
          [
              T=int
          ]
  Generating code
  0 of 78 functions ( 0.0%) were compiled, the rest were copied from previous compilation.
    0 functions were new in current compilation
    0 functions had inline decision re-evaluated but remain unchanged
  Finished generating code
  Project2.vcxproj -> C:\Users\Dr. Thrax\source\repos\Project2\Release\Project2.exe
